Arguments: 
  /Users/fushen/.nvm/versions/node/v10.16.0/bin/node /Users/fushen/.nvm/versions/node/v10.16.0/bin/yarn add --dev babel-jest @babel/core @babel/preset-env

PATH: 
  /Users/fushen/.nvm/versions/node/v10.16.0/bin:/Users/fushen/.cargo/bin:/usr/local/bin:/usr/bin:/bin:/usr/sbin:/sbin:/Users/fushen/Documents/workplace/depot_tools

Yarn version: 
  1.19.2

Node version: 
  10.16.0

Platform: 
  darwin x64

Trace: 
  Error: ENOENT: no such file or directory, copyfile '/Users/fushen/Library/Caches/Yarn/v6/npm-ansi-styles-4.2.1-90ae75c424d008d2624c5bf29ead3177ebfcf359-integrity/node_modules/ansi-styles/index.js' -> '/Users/fushen/Documents/workplace/rax/packages/miniapp-render/node_modules/boxen/node_modules/ansi-styles/index.js'

npm manifest: 
  {
    "name": "miniapp-render",
    "version": "0.0.1",
    "description": "web's adapter for miniprogram",
    "main": "src/index.js",
    "scripts": {
      "build": "cross-env NODE_ENV=production rollup -c rollup.config.js",
      "test": "npm run build && jest --bail",
      "test-debug": "npm run build && node --inspect-brk ./node_modules/jest/bin/jest.js --runInBand --bail",
      "coverage": "npm run build && jest --coverage --bail",
      "codecov": "npm run build && jest --coverage && codecov"
    },
    "jest": {
      "testEnvironment": "node",
      "testMatch": [
        "**/**/__tests__/**/*.test.js?(x)"
      ],
      "collectCoverageFrom": [
        "src/**/*.js"
      ]
    },
    "repository": {
      "type": "git",
      "url": "https://github.com/wechat-miniprogram/kbone.git     "
    },
    "author": "wechat-miniprogram",
    "license": "MIT",
    "devDependencies": {
      "jest": "^24.8.0",
      "jsdom": "^15.1.1",
      "@babel/core": "^7.4.5",
      "cross-env": "^5.2.0",
      "@babel/plugin-proposal-class-properties": "^7.5.5",
      "@babel/preset-env": "^7.4.5",
      "miniprogram-simulate": "^1.1.5",
      "rollup": "^1.13.1",
      "rollup-plugin-babel": "^4.3.2",
      "rollup-plugin-filesize": "^6.1.0",
      "rollup-plugin-replace": "^2.2.0"
    }
  }

yarn manifest: 
  No manifest

Lockfile: 
  No lockfile
